[2019-09-19 06:17:17pm]SOUREC FUNC:attr_accesskey=>create_simple_attr=>create_multiple_attrs=>create_attr_html_global=>__construct=>include_once=>require_once=>require_once=>require_once=>require=>
SOUREC FILE:E:\ehrajat-form-dev-html5\htdocs\wp-content\plugins\new_plugin-master\inc\creators\input\class_specific_attr.php
accesskey value cant get value length. unkown error!

[2019-09-19 06:17:43pm]SOUREC FUNC:attr_accesskey=>create_simple_attr=>create_multiple_attrs=>create_attr_html_global=>__construct=>include_once=>require_once=>require_once=>require_once=>require=>
SOUREC FILE:E:\ehrajat-form-dev-html5\htdocs\wp-content\plugins\new_plugin-master\inc\creators\input\class_specific_attr.php
accesskey value cant get value length. unkown error!

[2019-09-19 06:17:57pm]SOUREC FUNC:attr_accesskey=>create_simple_attr=>create_multiple_attrs=>create_attr_html_global=>__construct=>include_once=>require_once=>require_once=>require_once=>require=>
SOUREC FILE:E:\ehrajat-form-dev-html5\htdocs\wp-content\plugins\new_plugin-master\inc\creators\input\class_specific_attr.php
accesskey value cant get value length. unkown error!

[2019-09-19 06:18:08pm]SOUREC FUNC:attr_accesskey=>create_simple_attr=>create_multiple_attrs=>create_attr_html_global=>__construct=>include_once=>require_once=>require_once=>require_once=>require=>
SOUREC FILE:E:\ehrajat-form-dev-html5\htdocs\wp-content\plugins\new_plugin-master\inc\creators\input\class_specific_attr.php
accesskey value cant get value length. unkown error!

[2019-09-19 06:18:08pm]SOUREC FUNC:attr_accesskey=>create_simple_attr=>create_multiple_attrs=>create_attr_html_global=>__construct=>__construct=>__construct=>include_once=>require_once=>require_once=>require_once=>require=>
SOUREC FILE:E:\ehrajat-form-dev-html5\htdocs\wp-content\plugins\new_plugin-master\inc\creators\input\class_specific_attr.php
accesskey value cant get value length. unkown error!

[2019-09-19 06:18:46pm]SOUREC FUNC:attr_accesskey=>create_simple_attr=>create_multiple_attrs=>create_attr_html_global=>__construct=>include_once=>require_once=>require_once=>require_once=>require=>
SOUREC FILE:E:\ehrajat-form-dev-html5\htdocs\wp-content\plugins\new_plugin-master\inc\creators\input\class_specific_attr.php
accesskey value cant get value length. unkown error!

[2019-09-19 06:18:46pm]SOUREC FUNC:attr_accesskey=>create_simple_attr=>create_multiple_attrs=>create_attr_html_global=>__construct=>__construct=>__construct=>include_once=>require_once=>require_once=>require_once=>require=>
SOUREC FILE:E:\ehrajat-form-dev-html5\htdocs\wp-content\plugins\new_plugin-master\inc\creators\input\class_specific_attr.php
accesskey value cant get value length. unkown error!

[2019-09-19 06:18:48pm]SOUREC FUNC:attr_accesskey=>create_simple_attr=>create_multiple_attrs=>create_attr_html_global=>__construct=>include_once=>require_once=>require_once=>require_once=>require=>
SOUREC FILE:E:\ehrajat-form-dev-html5\htdocs\wp-content\plugins\new_plugin-master\inc\creators\input\class_specific_attr.php
accesskey value cant get value length. unkown error!

[2019-09-19 06:18:48pm]SOUREC FUNC:attr_accesskey=>create_simple_attr=>create_multiple_attrs=>create_attr_html_global=>__construct=>__construct=>__construct=>include_once=>require_once=>require_once=>require_once=>require=>
SOUREC FILE:E:\ehrajat-form-dev-html5\htdocs\wp-content\plugins\new_plugin-master\inc\creators\input\class_specific_attr.php
accesskey value cant get value length. unkown error!

[2019-09-19 06:21:01pm]SOUREC FUNC:attr_accesskey=>create_simple_attr=>create_multiple_attrs=>create_attr_html_global=>__construct=>include_once=>require_once=>require_once=>require_once=>require=>
SOUREC FILE:E:\ehrajat-form-dev-html5\htdocs\wp-content\plugins\new_plugin-master\inc\creators\input\class_specific_attr.php
accesskey value cant get value length. unkown error!

[2019-09-19 06:21:01pm]SOUREC FUNC:attr_accesskey=>create_simple_attr=>create_multiple_attrs=>create_attr_html_global=>__construct=>__construct=>__construct=>include_once=>require_once=>require_once=>require_once=>require=>
SOUREC FILE:E:\ehrajat-form-dev-html5\htdocs\wp-content\plugins\new_plugin-master\inc\creators\input\class_specific_attr.php
accesskey value cant get value length. unkown error!

[2019-09-19 06:21:04pm]SOUREC FUNC:attr_accesskey=>create_simple_attr=>create_multiple_attrs=>create_attr_html_global=>__construct=>include_once=>require_once=>require_once=>require_once=>require=>
SOUREC FILE:E:\ehrajat-form-dev-html5\htdocs\wp-content\plugins\new_plugin-master\inc\creators\input\class_specific_attr.php
accesskey value cant get value length. unkown error!

[2019-09-19 06:21:04pm]SOUREC FUNC:attr_accesskey=>create_simple_attr=>create_multiple_attrs=>create_attr_html_global=>__construct=>__construct=>__construct=>include_once=>require_once=>require_once=>require_once=>require=>
SOUREC FILE:E:\ehrajat-form-dev-html5\htdocs\wp-content\plugins\new_plugin-master\inc\creators\input\class_specific_attr.php
accesskey value cant get value length. unkown error!

[2019-09-19 06:23:35pm]SOUREC FUNC:attr_accesskey=>create_simple_attr=>create_multiple_attrs=>create_attr_html_global=>__construct=>include_once=>require_once=>require_once=>require_once=>require=>
SOUREC FILE:E:\ehrajat-form-dev-html5\htdocs\wp-content\plugins\new_plugin-master\inc\creators\input\class_specific_attr.php
accesskey value cant get value length. unkown error!

[2019-09-19 06:23:35pm]SOUREC FUNC:attr_accesskey=>create_simple_attr=>create_multiple_attrs=>create_attr_html_global=>__construct=>__construct=>include_once=>require_once=>require_once=>require_once=>require=>
SOUREC FILE:E:\ehrajat-form-dev-html5\htdocs\wp-content\plugins\new_plugin-master\inc\creators\input\class_specific_attr.php
accesskey value cant get value length. unkown error!

[2019-09-19 06:23:35pm]SOUREC FUNC:attr_accesskey=>create_simple_attr=>create_multiple_attrs=>create_attr_html_global=>__construct=>__construct=>__construct=>include_once=>require_once=>require_once=>require_once=>require=>
SOUREC FILE:E:\ehrajat-form-dev-html5\htdocs\wp-content\plugins\new_plugin-master\inc\creators\input\class_specific_attr.php
accesskey value cant get value length. unkown error!

[2019-09-19 06:50:29pm]SOUREC FUNC:attr_accesskey=>create_simple_attr=>create_multiple_attrs=>create_attr_html_global=>__construct=>include_once=>require_once=>require_once=>require_once=>require=>
SOUREC FILE:E:\ehrajat-form-dev-html5\htdocs\wp-content\plugins\new_plugin-master\inc\creators\input\class_specific_attr.php
accesskey value cant get value length. unkown error!

[2019-09-19 06:50:29pm]SOUREC FUNC:attr_accesskey=>create_simple_attr=>create_multiple_attrs=>create_attr_html_global=>__construct=>__construct=>include_once=>require_once=>require_once=>require_once=>require=>
SOUREC FILE:E:\ehrajat-form-dev-html5\htdocs\wp-content\plugins\new_plugin-master\inc\creators\input\class_specific_attr.php
accesskey value cant get value length. unkown error!

[2019-09-19 06:50:29pm]SOUREC FUNC:attr_accesskey=>create_simple_attr=>create_multiple_attrs=>create_attr_html_global=>__construct=>__construct=>__construct=>include_once=>require_once=>require_once=>require_once=>require=>
SOUREC FILE:E:\ehrajat-form-dev-html5\htdocs\wp-content\plugins\new_plugin-master\inc\creators\input\class_specific_attr.php
accesskey value cant get value length. unkown error!

[2019-09-19 06:56:41pm]SOUREC FUNC:attr_accesskey=>create_simple_attr=>create_multiple_attrs=>create_attr_html_global=>__construct=>include_once=>require_once=>require_once=>require_once=>require=>
SOUREC FILE:E:\ehrajat-form-dev-html5\htdocs\wp-content\plugins\new_plugin-master\inc\creators\input\class_specific_attr.php
accesskey value cant get value length. unkown error!

[2019-09-19 06:56:41pm]SOUREC FUNC:get_by_id=>__construct=>include_once=>require_once=>require_once=>require_once=>require=>
SOUREC FILE:E:\ehrajat-form-dev-html5\htdocs\wp-content\plugins\new_plugin-master\inc\creators\input\class_specific_attr.php
id provided for get_by_id is not correct.Can not find id:"1" in table:"wp_tt_input_types".

[2019-09-19 06:56:41pm]SOUREC FUNC:__construct=>include_once=>require_once=>require_once=>require_once=>require=>
SOUREC FILE:E:\ehrajat-form-dev-html5\htdocs\wp-content\plugins\new_plugin-master\plugin.php
type object cant be retrieved.

[2019-09-19 06:56:41pm]SOUREC FUNC:get_by_id=>__construct=>__construct=>include_once=>require_once=>require_once=>require_once=>require=>
SOUREC FILE:E:\ehrajat-form-dev-html5\htdocs\wp-content\plugins\new_plugin-master\inc\creators\input\class_specific_attr.php
id provided for get_by_id is not correct.Can not find id:"1" in table:"wp_tt_input_types".

[2019-09-19 06:56:41pm]SOUREC FUNC:__construct=>__construct=>include_once=>require_once=>require_once=>require_once=>require=>
SOUREC FILE:E:\ehrajat-form-dev-html5\htdocs\wp-content\plugins\new_plugin-master\inc\creators\input\class_specific_attr.php
type object cant be retrieved.

[2019-09-19 06:56:41pm]SOUREC FUNC:attr_accesskey=>create_simple_attr=>create_multiple_attrs=>create_attr_html_global=>__construct=>__construct=>include_once=>require_once=>require_once=>require_once=>require=>
SOUREC FILE:E:\ehrajat-form-dev-html5\htdocs\wp-content\plugins\new_plugin-master\inc\creators\input\class_specific_attr.php
accesskey value cant get value length. unkown error!

[2019-09-19 06:56:41pm]SOUREC FUNC:__construct=>__construct=>include_once=>require_once=>require_once=>require_once=>require=>
SOUREC FILE:E:\ehrajat-form-dev-html5\htdocs\wp-content\plugins\new_plugin-master\inc\creators\input\class_specific_attr.php
input_type arguments the second argument is empty.

[2019-09-19 06:56:41pm]SOUREC FUNC:attr_accesskey=>create_simple_attr=>create_multiple_attrs=>create_attr_html_global=>__construct=>__construct=>__construct=>include_once=>require_once=>require_once=>require_once=>require=>
SOUREC FILE:E:\ehrajat-form-dev-html5\htdocs\wp-content\plugins\new_plugin-master\inc\creators\input\class_specific_attr.php
accesskey value cant get value length. unkown error!

[2019-09-19 07:01:10pm]SOUREC FUNC:attr_accesskey=>create_simple_attr=>create_multiple_attrs=>create_attr_html_global=>__construct=>include_once=>require_once=>require_once=>require_once=>require=>
SOUREC FILE:E:\ehrajat-form-dev-html5\htdocs\wp-content\plugins\new_plugin-master\inc\creators\input\class_specific_attr.php
accesskey value cant get value length. unkown error!

[2019-09-19 07:01:10pm]SOUREC FUNC:attr_accesskey=>create_simple_attr=>create_multiple_attrs=>create_attr_html_global=>__construct=>__construct=>include_once=>require_once=>require_once=>require_once=>require=>
SOUREC FILE:E:\ehrajat-form-dev-html5\htdocs\wp-content\plugins\new_plugin-master\inc\creators\input\class_specific_attr.php
accesskey value cant get value length. unkown error!

[2019-09-19 07:01:10pm]SOUREC FUNC:attr_accesskey=>create_simple_attr=>create_multiple_attrs=>create_attr_html_global=>__construct=>__construct=>__construct=>include_once=>require_once=>require_once=>require_once=>require=>
SOUREC FILE:E:\ehrajat-form-dev-html5\htdocs\wp-content\plugins\new_plugin-master\inc\creators\input\class_specific_attr.php
accesskey value cant get value length. unkown error!

[2019-09-19 07:04:20pm]SOUREC FUNC:attr_accesskey=>create_simple_attr=>create_multiple_attrs=>create_attr_html_global=>__construct=>include_once=>require_once=>require_once=>require_once=>require=>
SOUREC FILE:E:\ehrajat-form-dev-html5\htdocs\wp-content\plugins\new_plugin-master\inc\creators\input\class_specific_attr.php
accesskey value cant get value length. unkown error!

[2019-09-19 07:04:20pm]SOUREC FUNC:attr_accesskey=>create_simple_attr=>create_multiple_attrs=>create_attr_html_global=>__construct=>__construct=>include_once=>require_once=>require_once=>require_once=>require=>
SOUREC FILE:E:\ehrajat-form-dev-html5\htdocs\wp-content\plugins\new_plugin-master\inc\creators\input\class_specific_attr.php
accesskey value cant get value length. unkown error!

[2019-09-19 07:04:21pm]SOUREC FUNC:attr_accesskey=>create_simple_attr=>create_multiple_attrs=>create_attr_html_global=>__construct=>__construct=>__construct=>include_once=>require_once=>require_once=>require_once=>require=>
SOUREC FILE:E:\ehrajat-form-dev-html5\htdocs\wp-content\plugins\new_plugin-master\inc\creators\input\class_specific_attr.php
accesskey value cant get value length. unkown error!

[2019-09-19 07:19:08pm]SOUREC FUNC:attr_accesskey=>create_simple_attr=>create_multiple_attrs=>create_attr_html_global=>__construct=>include_once=>require_once=>require_once=>require_once=>require=>
SOUREC FILE:E:\ehrajat-form-dev-html5\htdocs\wp-content\plugins\new_plugin-master\inc\creators\input\class_specific_attr.php
accesskey value cant get value length. unkown error!

[2019-09-19 07:19:08pm]SOUREC FUNC:attr_accesskey=>create_simple_attr=>create_multiple_attrs=>create_attr_html_global=>__construct=>__construct=>include_once=>require_once=>require_once=>require_once=>require=>
SOUREC FILE:E:\ehrajat-form-dev-html5\htdocs\wp-content\plugins\new_plugin-master\inc\creators\input\class_specific_attr.php
accesskey value cant get value length. unkown error!

[2019-09-19 07:19:08pm]SOUREC FUNC:attr_accesskey=>create_simple_attr=>create_multiple_attrs=>create_attr_html_global=>__construct=>__construct=>__construct=>include_once=>require_once=>require_once=>require_once=>require=>
SOUREC FILE:E:\ehrajat-form-dev-html5\htdocs\wp-content\plugins\new_plugin-master\inc\creators\input\class_specific_attr.php
accesskey value cant get value length. unkown error!

[2019-09-19 07:23:14pm]SOUREC FUNC:attr_accesskey=>create_simple_attr=>create_multiple_attrs=>create_attr_html_global=>__construct=>include_once=>require_once=>require_once=>require_once=>require=>
SOUREC FILE:E:\ehrajat-form-dev-html5\htdocs\wp-content\plugins\new_plugin-master\inc\creators\input\class_specific_attr.php
accesskey value cant get value length. unkown error!

[2019-09-19 07:23:14pm]SOUREC FUNC:attr_accesskey=>create_simple_attr=>create_multiple_attrs=>create_attr_html_global=>__construct=>__construct=>include_once=>require_once=>require_once=>require_once=>require=>
SOUREC FILE:E:\ehrajat-form-dev-html5\htdocs\wp-content\plugins\new_plugin-master\inc\creators\input\class_specific_attr.php
accesskey value cant get value length. unkown error!

[2019-09-19 07:23:14pm]SOUREC FUNC:attr_accesskey=>create_simple_attr=>create_multiple_attrs=>create_attr_html_global=>__construct=>__construct=>__construct=>include_once=>require_once=>require_once=>require_once=>require=>
SOUREC FILE:E:\ehrajat-form-dev-html5\htdocs\wp-content\plugins\new_plugin-master\inc\creators\input\class_specific_attr.php
accesskey value cant get value length. unkown error!

[2019-09-19 07:27:38pm]SOUREC FUNC:attr_accesskey=>create_simple_attr=>create_multiple_attrs=>create_attr_html_global=>__construct=>include_once=>require_once=>require_once=>require_once=>require=>
SOUREC FILE:E:\ehrajat-form-dev-html5\htdocs\wp-content\plugins\new_plugin-master\inc\creators\input\class_specific_attr.php
accesskey value cant get value length. unkown error!

[2019-09-19 07:27:38pm]SOUREC FUNC:attr_accesskey=>create_simple_attr=>create_multiple_attrs=>create_attr_html_global=>__construct=>__construct=>include_once=>require_once=>require_once=>require_once=>require=>
SOUREC FILE:E:\ehrajat-form-dev-html5\htdocs\wp-content\plugins\new_plugin-master\inc\creators\input\class_specific_attr.php
accesskey value cant get value length. unkown error!

[2019-09-19 07:27:38pm]SOUREC FUNC:attr_accesskey=>create_simple_attr=>create_multiple_attrs=>create_attr_html_global=>__construct=>__construct=>__construct=>include_once=>require_once=>require_once=>require_once=>require=>
SOUREC FILE:E:\ehrajat-form-dev-html5\htdocs\wp-content\plugins\new_plugin-master\inc\creators\input\class_specific_attr.php
accesskey value cant get value length. unkown error!

[2019-09-19 07:32:44pm]SOUREC FUNC:attr_accesskey=>create_simple_attr=>create_multiple_attrs=>create_attr_html_global=>__construct=>include_once=>require_once=>require_once=>require_once=>require=>
SOUREC FILE:E:\ehrajat-form-dev-html5\htdocs\wp-content\plugins\new_plugin-master\inc\creators\input\class_specific_attr.php
accesskey value cant get value length. unkown error!

[2019-09-19 07:32:44pm]SOUREC FUNC:attr_accesskey=>create_simple_attr=>create_multiple_attrs=>create_attr_html_global=>__construct=>__construct=>include_once=>require_once=>require_once=>require_once=>require=>
SOUREC FILE:E:\ehrajat-form-dev-html5\htdocs\wp-content\plugins\new_plugin-master\inc\creators\input\class_specific_attr.php
accesskey value cant get value length. unkown error!

[2019-09-19 07:32:44pm]SOUREC FUNC:attr_accesskey=>create_simple_attr=>create_multiple_attrs=>create_attr_html_global=>__construct=>__construct=>__construct=>include_once=>require_once=>require_once=>require_once=>require=>
SOUREC FILE:E:\ehrajat-form-dev-html5\htdocs\wp-content\plugins\new_plugin-master\inc\creators\input\class_specific_attr.php
accesskey value cant get value length. unkown error!

[2019-09-19 07:33:42pm]SOUREC FUNC:attr_accesskey=>create_simple_attr=>create_multiple_attrs=>create_attr_html_global=>__construct=>include_once=>require_once=>require_once=>require_once=>require=>
SOUREC FILE:E:\ehrajat-form-dev-html5\htdocs\wp-content\plugins\new_plugin-master\inc\creators\input\class_specific_attr.php
accesskey value cant get value length. unkown error!

[2019-09-19 07:33:42pm]SOUREC FUNC:attr_accesskey=>create_simple_attr=>create_multiple_attrs=>create_attr_html_global=>__construct=>__construct=>include_once=>require_once=>require_once=>require_once=>require=>
SOUREC FILE:E:\ehrajat-form-dev-html5\htdocs\wp-content\plugins\new_plugin-master\inc\creators\input\class_specific_attr.php
accesskey value cant get value length. unkown error!

[2019-09-19 07:33:42pm]SOUREC FUNC:attr_accesskey=>create_simple_attr=>create_multiple_attrs=>create_attr_html_global=>__construct=>__construct=>__construct=>include_once=>require_once=>require_once=>require_once=>require=>
SOUREC FILE:E:\ehrajat-form-dev-html5\htdocs\wp-content\plugins\new_plugin-master\inc\creators\input\class_specific_attr.php
accesskey value cant get value length. unkown error!

