[2019-12-09 12:19:18am]Source Function:__construct=>global_atrributes=>all_attributes=>__construct=>create_inputs=>create_block_structure=>__construct=>test_block=>apply_filters=>do_action=>do_action=>wp_head=>require_once=>load_template=>locate_template=>get_header=>include=>require_once=>require=>
SOUREC FILE:E:\ehrajat-form-dev-html5\htdocs\wp-content\plugins\6-input\input\4-class-input.php
global attrs id provided is empty string.

[2019-12-09 12:19:18am]Source Function:create_int_attribute=>attr_maxlength=>create_simple_attr=>create_multiple_attrs=>create_attr_input_specific=>__construct=>specific_atrributes=>all_attributes=>__construct=>create_inputs=>create_block_structure=>__construct=>test_block=>apply_filters=>do_action=>do_action=>wp_head=>require_once=>load_template=>locate_template=>get_header=>include=>require_once=>require=>
SOUREC FILE:E:\ehrajat-form-dev-html5\htdocs\wp-content\plugins\3-attribute\attribute\3-attribute-input-validator-class.php
maxlength must be integer.

[2019-12-09 12:19:18am]Source Function:create_int_attribute=>attr_minlength=>create_simple_attr=>create_multiple_attrs=>create_attr_input_specific=>__construct=>specific_atrributes=>all_attributes=>__construct=>create_inputs=>create_block_structure=>__construct=>test_block=>apply_filters=>do_action=>do_action=>wp_head=>require_once=>load_template=>locate_template=>get_header=>include=>require_once=>require=>
SOUREC FILE:E:\ehrajat-form-dev-html5\htdocs\wp-content\plugins\3-attribute\attribute\3-attribute-input-validator-class.php
minlength must be integer.

[2019-12-09 12:19:18am]Source Function:attr_pattern=>create_simple_attr=>create_multiple_attrs=>create_attr_input_specific=>__construct=>specific_atrributes=>all_attributes=>__construct=>create_inputs=>create_block_structure=>__construct=>test_block=>apply_filters=>do_action=>do_action=>wp_head=>require_once=>load_template=>locate_template=>get_header=>include=>require_once=>require=>
SOUREC FILE:E:\ehrajat-form-dev-html5\htdocs\wp-content\plugins\3-attribute\attribute\4-attribute-generator.php
pattern is not valid!

[2019-12-09 12:19:18am]Source Function:create_int_attribute=>attr_size=>create_simple_attr=>create_multiple_attrs=>create_attr_input_specific=>__construct=>specific_atrributes=>all_attributes=>__construct=>create_inputs=>create_block_structure=>__construct=>test_block=>apply_filters=>do_action=>do_action=>wp_head=>require_once=>load_template=>locate_template=>get_header=>include=>require_once=>require=>
SOUREC FILE:E:\ehrajat-form-dev-html5\htdocs\wp-content\plugins\3-attribute\attribute\3-attribute-input-validator-class.php
size must be integer.

[2019-12-09 12:19:18am]Source Function:restrict_access=>__construct=>all_attributes=>__construct=>create_inputs=>create_block_structure=>__construct=>test_block=>apply_filters=>do_action=>do_action=>wp_head=>require_once=>load_template=>locate_template=>get_header=>include=>require_once=>require=>
SOUREC FILE:E:\ehrajat-form-dev-html5\htdocs\wp-content\plugins\4-access\access\1-class-access.php
user_access_id after proceesing return enpty id.

[2019-12-09 12:19:18am]Source Function:__construct=>global_atrributes=>all_attributes=>__construct=>create_inputs=>create_block_structure=>__construct=>test_block=>apply_filters=>do_action=>do_action=>wp_head=>require_once=>load_template=>locate_template=>get_header=>include=>require_once=>require=>
SOUREC FILE:E:\ehrajat-form-dev-html5\htdocs\wp-content\plugins\6-input\input\4-class-input.php
global attrs id provided is empty string.

[2019-12-09 12:19:18am]Source Function:create_int_attribute=>attr_maxlength=>create_simple_attr=>create_multiple_attrs=>create_attr_input_specific=>__construct=>specific_atrributes=>all_attributes=>__construct=>create_inputs=>create_block_structure=>__construct=>test_block=>apply_filters=>do_action=>do_action=>wp_head=>require_once=>load_template=>locate_template=>get_header=>include=>require_once=>require=>
SOUREC FILE:E:\ehrajat-form-dev-html5\htdocs\wp-content\plugins\3-attribute\attribute\3-attribute-input-validator-class.php
maxlength must be integer.

[2019-12-09 12:19:18am]Source Function:create_int_attribute=>attr_minlength=>create_simple_attr=>create_multiple_attrs=>create_attr_input_specific=>__construct=>specific_atrributes=>all_attributes=>__construct=>create_inputs=>create_block_structure=>__construct=>test_block=>apply_filters=>do_action=>do_action=>wp_head=>require_once=>load_template=>locate_template=>get_header=>include=>require_once=>require=>
SOUREC FILE:E:\ehrajat-form-dev-html5\htdocs\wp-content\plugins\3-attribute\attribute\3-attribute-input-validator-class.php
minlength must be integer.

[2019-12-09 12:19:18am]Source Function:attr_pattern=>create_simple_attr=>create_multiple_attrs=>create_attr_input_specific=>__construct=>specific_atrributes=>all_attributes=>__construct=>create_inputs=>create_block_structure=>__construct=>test_block=>apply_filters=>do_action=>do_action=>wp_head=>require_once=>load_template=>locate_template=>get_header=>include=>require_once=>require=>
SOUREC FILE:E:\ehrajat-form-dev-html5\htdocs\wp-content\plugins\3-attribute\attribute\4-attribute-generator.php
pattern is not valid!

[2019-12-09 12:19:18am]Source Function:create_int_attribute=>attr_size=>create_simple_attr=>create_multiple_attrs=>create_attr_input_specific=>__construct=>specific_atrributes=>all_attributes=>__construct=>create_inputs=>create_block_structure=>__construct=>test_block=>apply_filters=>do_action=>do_action=>wp_head=>require_once=>load_template=>locate_template=>get_header=>include=>require_once=>require=>
SOUREC FILE:E:\ehrajat-form-dev-html5\htdocs\wp-content\plugins\3-attribute\attribute\3-attribute-input-validator-class.php
size must be integer.

[2019-12-09 12:19:18am]Source Function:restrict_access=>__construct=>all_attributes=>__construct=>create_inputs=>create_block_structure=>__construct=>test_block=>apply_filters=>do_action=>do_action=>wp_head=>require_once=>load_template=>locate_template=>get_header=>include=>require_once=>require=>
SOUREC FILE:E:\ehrajat-form-dev-html5\htdocs\wp-content\plugins\4-access\access\1-class-access.php
user_access_id after proceesing return enpty id.

[2019-12-09 12:19:18am]Source Function:restrict_access=>__construct=>create_inputs=>create_block_structure=>__construct=>test_block=>apply_filters=>do_action=>do_action=>wp_head=>require_once=>load_template=>locate_template=>get_header=>include=>require_once=>require=>
SOUREC FILE:E:\ehrajat-form-dev-html5\htdocs\wp-content\plugins\4-access\access\1-class-access.php
default_view must match enable or disable.

[2019-12-09 12:19:18am]Source Function:__construct=>global_atrributes=>all_attributes=>__construct=>create_inputs=>create_block_structure=>create_block_structure=>__construct=>test_block=>apply_filters=>do_action=>do_action=>wp_head=>require_once=>load_template=>locate_template=>get_header=>include=>require_once=>require=>
SOUREC FILE:E:\ehrajat-form-dev-html5\htdocs\wp-content\plugins\6-input\input\4-class-input.php
global attrs id provided is empty string.

[2019-12-09 12:19:18am]Source Function:create_int_attribute=>attr_maxlength=>create_simple_attr=>create_multiple_attrs=>create_attr_input_specific=>__construct=>specific_atrributes=>all_attributes=>__construct=>create_inputs=>create_block_structure=>create_block_structure=>__construct=>test_block=>apply_filters=>do_action=>do_action=>wp_head=>require_once=>load_template=>locate_template=>get_header=>include=>require_once=>require=>
SOUREC FILE:E:\ehrajat-form-dev-html5\htdocs\wp-content\plugins\3-attribute\attribute\3-attribute-input-validator-class.php
maxlength must be integer.

[2019-12-09 12:19:18am]Source Function:create_int_attribute=>attr_minlength=>create_simple_attr=>create_multiple_attrs=>create_attr_input_specific=>__construct=>specific_atrributes=>all_attributes=>__construct=>create_inputs=>create_block_structure=>create_block_structure=>__construct=>test_block=>apply_filters=>do_action=>do_action=>wp_head=>require_once=>load_template=>locate_template=>get_header=>include=>require_once=>require=>
SOUREC FILE:E:\ehrajat-form-dev-html5\htdocs\wp-content\plugins\3-attribute\attribute\3-attribute-input-validator-class.php
minlength must be integer.

[2019-12-09 12:19:18am]Source Function:attr_pattern=>create_simple_attr=>create_multiple_attrs=>create_attr_input_specific=>__construct=>specific_atrributes=>all_attributes=>__construct=>create_inputs=>create_block_structure=>create_block_structure=>__construct=>test_block=>apply_filters=>do_action=>do_action=>wp_head=>require_once=>load_template=>locate_template=>get_header=>include=>require_once=>require=>
SOUREC FILE:E:\ehrajat-form-dev-html5\htdocs\wp-content\plugins\3-attribute\attribute\4-attribute-generator.php
pattern is not valid!

[2019-12-09 12:19:18am]Source Function:create_int_attribute=>attr_size=>create_simple_attr=>create_multiple_attrs=>create_attr_input_specific=>__construct=>specific_atrributes=>all_attributes=>__construct=>create_inputs=>create_block_structure=>create_block_structure=>__construct=>test_block=>apply_filters=>do_action=>do_action=>wp_head=>require_once=>load_template=>locate_template=>get_header=>include=>require_once=>require=>
SOUREC FILE:E:\ehrajat-form-dev-html5\htdocs\wp-content\plugins\3-attribute\attribute\3-attribute-input-validator-class.php
size must be integer.

[2019-12-09 12:19:18am]Source Function:restrict_access=>__construct=>all_attributes=>__construct=>create_inputs=>create_block_structure=>create_block_structure=>__construct=>test_block=>apply_filters=>do_action=>do_action=>wp_head=>require_once=>load_template=>locate_template=>get_header=>include=>require_once=>require=>
SOUREC FILE:E:\ehrajat-form-dev-html5\htdocs\wp-content\plugins\4-access\access\1-class-access.php
user_access_id after proceesing return enpty id.

[2019-12-09 12:19:18am]Source Function:restrict_access=>__construct=>create_inputs=>create_block_structure=>create_block_structure=>__construct=>test_block=>apply_filters=>do_action=>do_action=>wp_head=>require_once=>load_template=>locate_template=>get_header=>include=>require_once=>require=>
SOUREC FILE:E:\ehrajat-form-dev-html5\htdocs\wp-content\plugins\4-access\access\1-class-access.php
default_view must match enable or disable.

[2019-12-09 12:19:18am]Source Function:__construct=>global_atrributes=>all_attributes=>__construct=>create_inputs=>create_block_structure=>create_block_structure=>create_block_structure=>__construct=>test_block=>apply_filters=>do_action=>do_action=>wp_head=>require_once=>load_template=>locate_template=>get_header=>include=>require_once=>require=>
SOUREC FILE:E:\ehrajat-form-dev-html5\htdocs\wp-content\plugins\6-input\input\4-class-input.php
global attrs id provided is empty string.

[2019-12-09 12:19:18am]Source Function:create_int_attribute=>attr_maxlength=>create_simple_attr=>create_multiple_attrs=>create_attr_input_specific=>__construct=>specific_atrributes=>all_attributes=>__construct=>create_inputs=>create_block_structure=>create_block_structure=>create_block_structure=>__construct=>test_block=>apply_filters=>do_action=>do_action=>wp_head=>require_once=>load_template=>locate_template=>get_header=>include=>require_once=>require=>
SOUREC FILE:E:\ehrajat-form-dev-html5\htdocs\wp-content\plugins\3-attribute\attribute\3-attribute-input-validator-class.php
maxlength must be integer.

[2019-12-09 12:19:18am]Source Function:create_int_attribute=>attr_minlength=>create_simple_attr=>create_multiple_attrs=>create_attr_input_specific=>__construct=>specific_atrributes=>all_attributes=>__construct=>create_inputs=>create_block_structure=>create_block_structure=>create_block_structure=>__construct=>test_block=>apply_filters=>do_action=>do_action=>wp_head=>require_once=>load_template=>locate_template=>get_header=>include=>require_once=>require=>
SOUREC FILE:E:\ehrajat-form-dev-html5\htdocs\wp-content\plugins\3-attribute\attribute\3-attribute-input-validator-class.php
minlength must be integer.

[2019-12-09 12:19:18am]Source Function:attr_pattern=>create_simple_attr=>create_multiple_attrs=>create_attr_input_specific=>__construct=>specific_atrributes=>all_attributes=>__construct=>create_inputs=>create_block_structure=>create_block_structure=>create_block_structure=>__construct=>test_block=>apply_filters=>do_action=>do_action=>wp_head=>require_once=>load_template=>locate_template=>get_header=>include=>require_once=>require=>
SOUREC FILE:E:\ehrajat-form-dev-html5\htdocs\wp-content\plugins\3-attribute\attribute\4-attribute-generator.php
pattern is not valid!

[2019-12-09 12:19:18am]Source Function:create_int_attribute=>attr_size=>create_simple_attr=>create_multiple_attrs=>create_attr_input_specific=>__construct=>specific_atrributes=>all_attributes=>__construct=>create_inputs=>create_block_structure=>create_block_structure=>create_block_structure=>__construct=>test_block=>apply_filters=>do_action=>do_action=>wp_head=>require_once=>load_template=>locate_template=>get_header=>include=>require_once=>require=>
SOUREC FILE:E:\ehrajat-form-dev-html5\htdocs\wp-content\plugins\3-attribute\attribute\3-attribute-input-validator-class.php
size must be integer.

[2019-12-09 12:19:18am]Source Function:restrict_access=>__construct=>all_attributes=>__construct=>create_inputs=>create_block_structure=>create_block_structure=>create_block_structure=>__construct=>test_block=>apply_filters=>do_action=>do_action=>wp_head=>require_once=>load_template=>locate_template=>get_header=>include=>require_once=>require=>
SOUREC FILE:E:\ehrajat-form-dev-html5\htdocs\wp-content\plugins\4-access\access\1-class-access.php
user_access_id after proceesing return enpty id.

[2019-12-09 12:19:18am]Source Function:restrict_access=>__construct=>create_inputs=>create_block_structure=>create_block_structure=>create_block_structure=>__construct=>test_block=>apply_filters=>do_action=>do_action=>wp_head=>require_once=>load_template=>locate_template=>get_header=>include=>require_once=>require=>
SOUREC FILE:E:\ehrajat-form-dev-html5\htdocs\wp-content\plugins\4-access\access\1-class-access.php
default_view must match enable or disable.

[2019-12-09 12:19:18am]Source Function:__construct=>global_atrributes=>all_attributes=>__construct=>create_inputs=>create_block_structure=>create_block_structure=>create_block_structure=>create_block_structure=>__construct=>test_block=>apply_filters=>do_action=>do_action=>wp_head=>require_once=>load_template=>locate_template=>get_header=>include=>require_once=>require=>
SOUREC FILE:E:\ehrajat-form-dev-html5\htdocs\wp-content\plugins\6-input\input\4-class-input.php
global attrs id provided is empty string.

[2019-12-09 12:19:18am]Source Function:create_int_attribute=>attr_maxlength=>create_simple_attr=>create_multiple_attrs=>create_attr_input_specific=>__construct=>specific_atrributes=>all_attributes=>__construct=>create_inputs=>create_block_structure=>create_block_structure=>create_block_structure=>create_block_structure=>__construct=>test_block=>apply_filters=>do_action=>do_action=>wp_head=>require_once=>load_template=>locate_template=>get_header=>include=>require_once=>require=>
SOUREC FILE:E:\ehrajat-form-dev-html5\htdocs\wp-content\plugins\3-attribute\attribute\3-attribute-input-validator-class.php
maxlength must be integer.

[2019-12-09 12:19:18am]Source Function:create_int_attribute=>attr_minlength=>create_simple_attr=>create_multiple_attrs=>create_attr_input_specific=>__construct=>specific_atrributes=>all_attributes=>__construct=>create_inputs=>create_block_structure=>create_block_structure=>create_block_structure=>create_block_structure=>__construct=>test_block=>apply_filters=>do_action=>do_action=>wp_head=>require_once=>load_template=>locate_template=>get_header=>include=>require_once=>require=>
SOUREC FILE:E:\ehrajat-form-dev-html5\htdocs\wp-content\plugins\3-attribute\attribute\3-attribute-input-validator-class.php
minlength must be integer.

[2019-12-09 12:19:18am]Source Function:attr_pattern=>create_simple_attr=>create_multiple_attrs=>create_attr_input_specific=>__construct=>specific_atrributes=>all_attributes=>__construct=>create_inputs=>create_block_structure=>create_block_structure=>create_block_structure=>create_block_structure=>__construct=>test_block=>apply_filters=>do_action=>do_action=>wp_head=>require_once=>load_template=>locate_template=>get_header=>include=>require_once=>require=>
SOUREC FILE:E:\ehrajat-form-dev-html5\htdocs\wp-content\plugins\3-attribute\attribute\4-attribute-generator.php
pattern is not valid!

[2019-12-09 12:19:18am]Source Function:create_int_attribute=>attr_size=>create_simple_attr=>create_multiple_attrs=>create_attr_input_specific=>__construct=>specific_atrributes=>all_attributes=>__construct=>create_inputs=>create_block_structure=>create_block_structure=>create_block_structure=>create_block_structure=>__construct=>test_block=>apply_filters=>do_action=>do_action=>wp_head=>require_once=>load_template=>locate_template=>get_header=>include=>require_once=>require=>
SOUREC FILE:E:\ehrajat-form-dev-html5\htdocs\wp-content\plugins\3-attribute\attribute\3-attribute-input-validator-class.php
size must be integer.

[2019-12-09 12:19:18am]Source Function:restrict_access=>__construct=>all_attributes=>__construct=>create_inputs=>create_block_structure=>create_block_structure=>create_block_structure=>create_block_structure=>__construct=>test_block=>apply_filters=>do_action=>do_action=>wp_head=>require_once=>load_template=>locate_template=>get_header=>include=>require_once=>require=>
SOUREC FILE:E:\ehrajat-form-dev-html5\htdocs\wp-content\plugins\4-access\access\1-class-access.php
user_access_id after proceesing return enpty id.

[2019-12-09 12:19:18am]Source Function:restrict_access=>__construct=>create_inputs=>create_block_structure=>create_block_structure=>create_block_structure=>create_block_structure=>__construct=>test_block=>apply_filters=>do_action=>do_action=>wp_head=>require_once=>load_template=>locate_template=>get_header=>include=>require_once=>require=>
SOUREC FILE:E:\ehrajat-form-dev-html5\htdocs\wp-content\plugins\4-access\access\1-class-access.php
user_access_id after proceesing return enpty id.

[2019-12-09 12:19:18am]Source Function:create_block_structure=>create_block_structure=>create_block_structure=>__construct=>test_block=>apply_filters=>do_action=>do_action=>wp_head=>require_once=>load_template=>locate_template=>get_header=>include=>require_once=>require=>
SOUREC FILE:E:\ehrajat-form-dev-html5\htdocs\wp-content\plugins\7-block\block\1-block.php
the block_ids of 4 has his parent id which cause a forever loop . The parent id which make problem :2. So we skip creating it and continue the others

[2019-12-09 12:19:18am]Source Function:__construct=>global_atrributes=>all_attributes=>__construct=>create_inputs=>create_block_structure=>create_block_structure=>__construct=>test_block=>apply_filters=>do_action=>do_action=>wp_head=>require_once=>load_template=>locate_template=>get_header=>include=>require_once=>require=>
SOUREC FILE:E:\ehrajat-form-dev-html5\htdocs\wp-content\plugins\6-input\input\4-class-input.php
global attrs id provided is empty string.

[2019-12-09 12:19:18am]Source Function:create_int_attribute=>attr_maxlength=>create_simple_attr=>create_multiple_attrs=>create_attr_input_specific=>__construct=>specific_atrributes=>all_attributes=>__construct=>create_inputs=>create_block_structure=>create_block_structure=>__construct=>test_block=>apply_filters=>do_action=>do_action=>wp_head=>require_once=>load_template=>locate_template=>get_header=>include=>require_once=>require=>
SOUREC FILE:E:\ehrajat-form-dev-html5\htdocs\wp-content\plugins\3-attribute\attribute\3-attribute-input-validator-class.php
maxlength must be integer.

[2019-12-09 12:19:18am]Source Function:create_int_attribute=>attr_minlength=>create_simple_attr=>create_multiple_attrs=>create_attr_input_specific=>__construct=>specific_atrributes=>all_attributes=>__construct=>create_inputs=>create_block_structure=>create_block_structure=>__construct=>test_block=>apply_filters=>do_action=>do_action=>wp_head=>require_once=>load_template=>locate_template=>get_header=>include=>require_once=>require=>
SOUREC FILE:E:\ehrajat-form-dev-html5\htdocs\wp-content\plugins\3-attribute\attribute\3-attribute-input-validator-class.php
minlength must be integer.

[2019-12-09 12:19:18am]Source Function:attr_pattern=>create_simple_attr=>create_multiple_attrs=>create_attr_input_specific=>__construct=>specific_atrributes=>all_attributes=>__construct=>create_inputs=>create_block_structure=>create_block_structure=>__construct=>test_block=>apply_filters=>do_action=>do_action=>wp_head=>require_once=>load_template=>locate_template=>get_header=>include=>require_once=>require=>
SOUREC FILE:E:\ehrajat-form-dev-html5\htdocs\wp-content\plugins\3-attribute\attribute\4-attribute-generator.php
pattern is not valid!

[2019-12-09 12:19:18am]Source Function:create_int_attribute=>attr_size=>create_simple_attr=>create_multiple_attrs=>create_attr_input_specific=>__construct=>specific_atrributes=>all_attributes=>__construct=>create_inputs=>create_block_structure=>create_block_structure=>__construct=>test_block=>apply_filters=>do_action=>do_action=>wp_head=>require_once=>load_template=>locate_template=>get_header=>include=>require_once=>require=>
SOUREC FILE:E:\ehrajat-form-dev-html5\htdocs\wp-content\plugins\3-attribute\attribute\3-attribute-input-validator-class.php
size must be integer.

[2019-12-09 12:19:18am]Source Function:restrict_access=>__construct=>all_attributes=>__construct=>create_inputs=>create_block_structure=>create_block_structure=>__construct=>test_block=>apply_filters=>do_action=>do_action=>wp_head=>require_once=>load_template=>locate_template=>get_header=>include=>require_once=>require=>
SOUREC FILE:E:\ehrajat-form-dev-html5\htdocs\wp-content\plugins\4-access\access\1-class-access.php
user_access_id after proceesing return enpty id.

[2019-12-09 12:19:18am]Source Function:restrict_access=>__construct=>create_inputs=>create_block_structure=>create_block_structure=>__construct=>test_block=>apply_filters=>do_action=>do_action=>wp_head=>require_once=>load_template=>locate_template=>get_header=>include=>require_once=>require=>
SOUREC FILE:E:\ehrajat-form-dev-html5\htdocs\wp-content\plugins\4-access\access\1-class-access.php
default_view must match enable or disable.

[2019-12-09 12:22:00am]Source Function:__construct=>global_atrributes=>all_attributes=>__construct=>create_inputs=>create_block_structure=>__construct=>test_block=>apply_filters=>do_action=>do_action=>wp_head=>require_once=>load_template=>locate_template=>get_header=>include=>require_once=>require=>
SOUREC FILE:E:\ehrajat-form-dev-html5\htdocs\wp-content\plugins\6-input\input\4-class-input.php
global attrs id provided is empty string.

[2019-12-09 12:22:00am]Source Function:create_int_attribute=>attr_maxlength=>create_simple_attr=>create_multiple_attrs=>create_attr_input_specific=>__construct=>specific_atrributes=>all_attributes=>__construct=>create_inputs=>create_block_structure=>__construct=>test_block=>apply_filters=>do_action=>do_action=>wp_head=>require_once=>load_template=>locate_template=>get_header=>include=>require_once=>require=>
SOUREC FILE:E:\ehrajat-form-dev-html5\htdocs\wp-content\plugins\3-attribute\attribute\3-attribute-input-validator-class.php
maxlength must be integer.

[2019-12-09 12:22:00am]Source Function:create_int_attribute=>attr_minlength=>create_simple_attr=>create_multiple_attrs=>create_attr_input_specific=>__construct=>specific_atrributes=>all_attributes=>__construct=>create_inputs=>create_block_structure=>__construct=>test_block=>apply_filters=>do_action=>do_action=>wp_head=>require_once=>load_template=>locate_template=>get_header=>include=>require_once=>require=>
SOUREC FILE:E:\ehrajat-form-dev-html5\htdocs\wp-content\plugins\3-attribute\attribute\3-attribute-input-validator-class.php
minlength must be integer.

[2019-12-09 12:22:00am]Source Function:attr_pattern=>create_simple_attr=>create_multiple_attrs=>create_attr_input_specific=>__construct=>specific_atrributes=>all_attributes=>__construct=>create_inputs=>create_block_structure=>__construct=>test_block=>apply_filters=>do_action=>do_action=>wp_head=>require_once=>load_template=>locate_template=>get_header=>include=>require_once=>require=>
SOUREC FILE:E:\ehrajat-form-dev-html5\htdocs\wp-content\plugins\3-attribute\attribute\4-attribute-generator.php
pattern is not valid!

[2019-12-09 12:22:00am]Source Function:create_int_attribute=>attr_size=>create_simple_attr=>create_multiple_attrs=>create_attr_input_specific=>__construct=>specific_atrributes=>all_attributes=>__construct=>create_inputs=>create_block_structure=>__construct=>test_block=>apply_filters=>do_action=>do_action=>wp_head=>require_once=>load_template=>locate_template=>get_header=>include=>require_once=>require=>
SOUREC FILE:E:\ehrajat-form-dev-html5\htdocs\wp-content\plugins\3-attribute\attribute\3-attribute-input-validator-class.php
size must be integer.

[2019-12-09 12:22:00am]Source Function:restrict_access=>__construct=>all_attributes=>__construct=>create_inputs=>create_block_structure=>__construct=>test_block=>apply_filters=>do_action=>do_action=>wp_head=>require_once=>load_template=>locate_template=>get_header=>include=>require_once=>require=>
SOUREC FILE:E:\ehrajat-form-dev-html5\htdocs\wp-content\plugins\4-access\access\1-class-access.php
user_access_id after proceesing return enpty id.

[2019-12-09 12:22:00am]Source Function:__construct=>global_atrributes=>all_attributes=>__construct=>create_inputs=>create_block_structure=>__construct=>test_block=>apply_filters=>do_action=>do_action=>wp_head=>require_once=>load_template=>locate_template=>get_header=>include=>require_once=>require=>
SOUREC FILE:E:\ehrajat-form-dev-html5\htdocs\wp-content\plugins\6-input\input\4-class-input.php
global attrs id provided is empty string.

[2019-12-09 12:22:00am]Source Function:create_int_attribute=>attr_maxlength=>create_simple_attr=>create_multiple_attrs=>create_attr_input_specific=>__construct=>specific_atrributes=>all_attributes=>__construct=>create_inputs=>create_block_structure=>__construct=>test_block=>apply_filters=>do_action=>do_action=>wp_head=>require_once=>load_template=>locate_template=>get_header=>include=>require_once=>require=>
SOUREC FILE:E:\ehrajat-form-dev-html5\htdocs\wp-content\plugins\3-attribute\attribute\3-attribute-input-validator-class.php
maxlength must be integer.

[2019-12-09 12:22:00am]Source Function:create_int_attribute=>attr_minlength=>create_simple_attr=>create_multiple_attrs=>create_attr_input_specific=>__construct=>specific_atrributes=>all_attributes=>__construct=>create_inputs=>create_block_structure=>__construct=>test_block=>apply_filters=>do_action=>do_action=>wp_head=>require_once=>load_template=>locate_template=>get_header=>include=>require_once=>require=>
SOUREC FILE:E:\ehrajat-form-dev-html5\htdocs\wp-content\plugins\3-attribute\attribute\3-attribute-input-validator-class.php
minlength must be integer.

[2019-12-09 12:22:00am]Source Function:attr_pattern=>create_simple_attr=>create_multiple_attrs=>create_attr_input_specific=>__construct=>specific_atrributes=>all_attributes=>__construct=>create_inputs=>create_block_structure=>__construct=>test_block=>apply_filters=>do_action=>do_action=>wp_head=>require_once=>load_template=>locate_template=>get_header=>include=>require_once=>require=>
SOUREC FILE:E:\ehrajat-form-dev-html5\htdocs\wp-content\plugins\3-attribute\attribute\4-attribute-generator.php
pattern is not valid!

[2019-12-09 12:22:00am]Source Function:create_int_attribute=>attr_size=>create_simple_attr=>create_multiple_attrs=>create_attr_input_specific=>__construct=>specific_atrributes=>all_attributes=>__construct=>create_inputs=>create_block_structure=>__construct=>test_block=>apply_filters=>do_action=>do_action=>wp_head=>require_once=>load_template=>locate_template=>get_header=>include=>require_once=>require=>
SOUREC FILE:E:\ehrajat-form-dev-html5\htdocs\wp-content\plugins\3-attribute\attribute\3-attribute-input-validator-class.php
size must be integer.

[2019-12-09 12:22:00am]Source Function:restrict_access=>__construct=>all_attributes=>__construct=>create_inputs=>create_block_structure=>__construct=>test_block=>apply_filters=>do_action=>do_action=>wp_head=>require_once=>load_template=>locate_template=>get_header=>include=>require_once=>require=>
SOUREC FILE:E:\ehrajat-form-dev-html5\htdocs\wp-content\plugins\4-access\access\1-class-access.php
user_access_id after proceesing return enpty id.

[2019-12-09 12:22:00am]Source Function:restrict_access=>__construct=>create_inputs=>create_block_structure=>__construct=>test_block=>apply_filters=>do_action=>do_action=>wp_head=>require_once=>load_template=>locate_template=>get_header=>include=>require_once=>require=>
SOUREC FILE:E:\ehrajat-form-dev-html5\htdocs\wp-content\plugins\4-access\access\1-class-access.php
default_view must match enable or disable.

[2019-12-09 12:22:00am]Source Function:__construct=>global_atrributes=>all_attributes=>__construct=>create_inputs=>create_block_structure=>create_block_structure=>__construct=>test_block=>apply_filters=>do_action=>do_action=>wp_head=>require_once=>load_template=>locate_template=>get_header=>include=>require_once=>require=>
SOUREC FILE:E:\ehrajat-form-dev-html5\htdocs\wp-content\plugins\6-input\input\4-class-input.php
global attrs id provided is empty string.

[2019-12-09 12:22:00am]Source Function:create_int_attribute=>attr_maxlength=>create_simple_attr=>create_multiple_attrs=>create_attr_input_specific=>__construct=>specific_atrributes=>all_attributes=>__construct=>create_inputs=>create_block_structure=>create_block_structure=>__construct=>test_block=>apply_filters=>do_action=>do_action=>wp_head=>require_once=>load_template=>locate_template=>get_header=>include=>require_once=>require=>
SOUREC FILE:E:\ehrajat-form-dev-html5\htdocs\wp-content\plugins\3-attribute\attribute\3-attribute-input-validator-class.php
maxlength must be integer.

[2019-12-09 12:22:00am]Source Function:create_int_attribute=>attr_minlength=>create_simple_attr=>create_multiple_attrs=>create_attr_input_specific=>__construct=>specific_atrributes=>all_attributes=>__construct=>create_inputs=>create_block_structure=>create_block_structure=>__construct=>test_block=>apply_filters=>do_action=>do_action=>wp_head=>require_once=>load_template=>locate_template=>get_header=>include=>require_once=>require=>
SOUREC FILE:E:\ehrajat-form-dev-html5\htdocs\wp-content\plugins\3-attribute\attribute\3-attribute-input-validator-class.php
minlength must be integer.

[2019-12-09 12:22:00am]Source Function:attr_pattern=>create_simple_attr=>create_multiple_attrs=>create_attr_input_specific=>__construct=>specific_atrributes=>all_attributes=>__construct=>create_inputs=>create_block_structure=>create_block_structure=>__construct=>test_block=>apply_filters=>do_action=>do_action=>wp_head=>require_once=>load_template=>locate_template=>get_header=>include=>require_once=>require=>
SOUREC FILE:E:\ehrajat-form-dev-html5\htdocs\wp-content\plugins\3-attribute\attribute\4-attribute-generator.php
pattern is not valid!

[2019-12-09 12:22:00am]Source Function:create_int_attribute=>attr_size=>create_simple_attr=>create_multiple_attrs=>create_attr_input_specific=>__construct=>specific_atrributes=>all_attributes=>__construct=>create_inputs=>create_block_structure=>create_block_structure=>__construct=>test_block=>apply_filters=>do_action=>do_action=>wp_head=>require_once=>load_template=>locate_template=>get_header=>include=>require_once=>require=>
SOUREC FILE:E:\ehrajat-form-dev-html5\htdocs\wp-content\plugins\3-attribute\attribute\3-attribute-input-validator-class.php
size must be integer.

[2019-12-09 12:22:00am]Source Function:restrict_access=>__construct=>all_attributes=>__construct=>create_inputs=>create_block_structure=>create_block_structure=>__construct=>test_block=>apply_filters=>do_action=>do_action=>wp_head=>require_once=>load_template=>locate_template=>get_header=>include=>require_once=>require=>
SOUREC FILE:E:\ehrajat-form-dev-html5\htdocs\wp-content\plugins\4-access\access\1-class-access.php
user_access_id after proceesing return enpty id.

[2019-12-09 12:22:00am]Source Function:restrict_access=>__construct=>create_inputs=>create_block_structure=>create_block_structure=>__construct=>test_block=>apply_filters=>do_action=>do_action=>wp_head=>require_once=>load_template=>locate_template=>get_header=>include=>require_once=>require=>
SOUREC FILE:E:\ehrajat-form-dev-html5\htdocs\wp-content\plugins\4-access\access\1-class-access.php
default_view must match enable or disable.

[2019-12-09 12:22:00am]Source Function:__construct=>global_atrributes=>all_attributes=>__construct=>create_inputs=>create_block_structure=>create_block_structure=>create_block_structure=>__construct=>test_block=>apply_filters=>do_action=>do_action=>wp_head=>require_once=>load_template=>locate_template=>get_header=>include=>require_once=>require=>
SOUREC FILE:E:\ehrajat-form-dev-html5\htdocs\wp-content\plugins\6-input\input\4-class-input.php
global attrs id provided is empty string.

[2019-12-09 12:22:00am]Source Function:create_int_attribute=>attr_maxlength=>create_simple_attr=>create_multiple_attrs=>create_attr_input_specific=>__construct=>specific_atrributes=>all_attributes=>__construct=>create_inputs=>create_block_structure=>create_block_structure=>create_block_structure=>__construct=>test_block=>apply_filters=>do_action=>do_action=>wp_head=>require_once=>load_template=>locate_template=>get_header=>include=>require_once=>require=>
SOUREC FILE:E:\ehrajat-form-dev-html5\htdocs\wp-content\plugins\3-attribute\attribute\3-attribute-input-validator-class.php
maxlength must be integer.

[2019-12-09 12:22:00am]Source Function:create_int_attribute=>attr_minlength=>create_simple_attr=>create_multiple_attrs=>create_attr_input_specific=>__construct=>specific_atrributes=>all_attributes=>__construct=>create_inputs=>create_block_structure=>create_block_structure=>create_block_structure=>__construct=>test_block=>apply_filters=>do_action=>do_action=>wp_head=>require_once=>load_template=>locate_template=>get_header=>include=>require_once=>require=>
SOUREC FILE:E:\ehrajat-form-dev-html5\htdocs\wp-content\plugins\3-attribute\attribute\3-attribute-input-validator-class.php
minlength must be integer.

[2019-12-09 12:22:00am]Source Function:attr_pattern=>create_simple_attr=>create_multiple_attrs=>create_attr_input_specific=>__construct=>specific_atrributes=>all_attributes=>__construct=>create_inputs=>create_block_structure=>create_block_structure=>create_block_structure=>__construct=>test_block=>apply_filters=>do_action=>do_action=>wp_head=>require_once=>load_template=>locate_template=>get_header=>include=>require_once=>require=>
SOUREC FILE:E:\ehrajat-form-dev-html5\htdocs\wp-content\plugins\3-attribute\attribute\4-attribute-generator.php
pattern is not valid!

[2019-12-09 12:22:00am]Source Function:create_int_attribute=>attr_size=>create_simple_attr=>create_multiple_attrs=>create_attr_input_specific=>__construct=>specific_atrributes=>all_attributes=>__construct=>create_inputs=>create_block_structure=>create_block_structure=>create_block_structure=>__construct=>test_block=>apply_filters=>do_action=>do_action=>wp_head=>require_once=>load_template=>locate_template=>get_header=>include=>require_once=>require=>
SOUREC FILE:E:\ehrajat-form-dev-html5\htdocs\wp-content\plugins\3-attribute\attribute\3-attribute-input-validator-class.php
size must be integer.

[2019-12-09 12:22:00am]Source Function:restrict_access=>__construct=>all_attributes=>__construct=>create_inputs=>create_block_structure=>create_block_structure=>create_block_structure=>__construct=>test_block=>apply_filters=>do_action=>do_action=>wp_head=>require_once=>load_template=>locate_template=>get_header=>include=>require_once=>require=>
SOUREC FILE:E:\ehrajat-form-dev-html5\htdocs\wp-content\plugins\4-access\access\1-class-access.php
user_access_id after proceesing return enpty id.

[2019-12-09 12:22:00am]Source Function:restrict_access=>__construct=>create_inputs=>create_block_structure=>create_block_structure=>create_block_structure=>__construct=>test_block=>apply_filters=>do_action=>do_action=>wp_head=>require_once=>load_template=>locate_template=>get_header=>include=>require_once=>require=>
SOUREC FILE:E:\ehrajat-form-dev-html5\htdocs\wp-content\plugins\4-access\access\1-class-access.php
default_view must match enable or disable.

[2019-12-09 12:22:00am]Source Function:__construct=>global_atrributes=>all_attributes=>__construct=>create_inputs=>create_block_structure=>create_block_structure=>create_block_structure=>create_block_structure=>__construct=>test_block=>apply_filters=>do_action=>do_action=>wp_head=>require_once=>load_template=>locate_template=>get_header=>include=>require_once=>require=>
SOUREC FILE:E:\ehrajat-form-dev-html5\htdocs\wp-content\plugins\6-input\input\4-class-input.php
global attrs id provided is empty string.

[2019-12-09 12:22:00am]Source Function:create_int_attribute=>attr_maxlength=>create_simple_attr=>create_multiple_attrs=>create_attr_input_specific=>__construct=>specific_atrributes=>all_attributes=>__construct=>create_inputs=>create_block_structure=>create_block_structure=>create_block_structure=>create_block_structure=>__construct=>test_block=>apply_filters=>do_action=>do_action=>wp_head=>require_once=>load_template=>locate_template=>get_header=>include=>require_once=>require=>
SOUREC FILE:E:\ehrajat-form-dev-html5\htdocs\wp-content\plugins\3-attribute\attribute\3-attribute-input-validator-class.php
maxlength must be integer.

[2019-12-09 12:22:00am]Source Function:create_int_attribute=>attr_minlength=>create_simple_attr=>create_multiple_attrs=>create_attr_input_specific=>__construct=>specific_atrributes=>all_attributes=>__construct=>create_inputs=>create_block_structure=>create_block_structure=>create_block_structure=>create_block_structure=>__construct=>test_block=>apply_filters=>do_action=>do_action=>wp_head=>require_once=>load_template=>locate_template=>get_header=>include=>require_once=>require=>
SOUREC FILE:E:\ehrajat-form-dev-html5\htdocs\wp-content\plugins\3-attribute\attribute\3-attribute-input-validator-class.php
minlength must be integer.

[2019-12-09 12:22:00am]Source Function:attr_pattern=>create_simple_attr=>create_multiple_attrs=>create_attr_input_specific=>__construct=>specific_atrributes=>all_attributes=>__construct=>create_inputs=>create_block_structure=>create_block_structure=>create_block_structure=>create_block_structure=>__construct=>test_block=>apply_filters=>do_action=>do_action=>wp_head=>require_once=>load_template=>locate_template=>get_header=>include=>require_once=>require=>
SOUREC FILE:E:\ehrajat-form-dev-html5\htdocs\wp-content\plugins\3-attribute\attribute\4-attribute-generator.php
pattern is not valid!

[2019-12-09 12:22:00am]Source Function:create_int_attribute=>attr_size=>create_simple_attr=>create_multiple_attrs=>create_attr_input_specific=>__construct=>specific_atrributes=>all_attributes=>__construct=>create_inputs=>create_block_structure=>create_block_structure=>create_block_structure=>create_block_structure=>__construct=>test_block=>apply_filters=>do_action=>do_action=>wp_head=>require_once=>load_template=>locate_template=>get_header=>include=>require_once=>require=>
SOUREC FILE:E:\ehrajat-form-dev-html5\htdocs\wp-content\plugins\3-attribute\attribute\3-attribute-input-validator-class.php
size must be integer.

[2019-12-09 12:22:00am]Source Function:restrict_access=>__construct=>all_attributes=>__construct=>create_inputs=>create_block_structure=>create_block_structure=>create_block_structure=>create_block_structure=>__construct=>test_block=>apply_filters=>do_action=>do_action=>wp_head=>require_once=>load_template=>locate_template=>get_header=>include=>require_once=>require=>
SOUREC FILE:E:\ehrajat-form-dev-html5\htdocs\wp-content\plugins\4-access\access\1-class-access.php
user_access_id after proceesing return enpty id.

[2019-12-09 12:22:00am]Source Function:restrict_access=>__construct=>create_inputs=>create_block_structure=>create_block_structure=>create_block_structure=>create_block_structure=>__construct=>test_block=>apply_filters=>do_action=>do_action=>wp_head=>require_once=>load_template=>locate_template=>get_header=>include=>require_once=>require=>
SOUREC FILE:E:\ehrajat-form-dev-html5\htdocs\wp-content\plugins\4-access\access\1-class-access.php
user_access_id after proceesing return enpty id.

[2019-12-09 12:22:00am]Source Function:create_block_structure=>create_block_structure=>create_block_structure=>__construct=>test_block=>apply_filters=>do_action=>do_action=>wp_head=>require_once=>load_template=>locate_template=>get_header=>include=>require_once=>require=>
SOUREC FILE:E:\ehrajat-form-dev-html5\htdocs\wp-content\plugins\7-block\block\1-block.php
the block_ids of 4 has his parent id which cause a forever loop . The parent id which make problem :2. So we skip creating it and continue the others

[2019-12-09 12:22:00am]Source Function:__construct=>global_atrributes=>all_attributes=>__construct=>create_inputs=>create_block_structure=>create_block_structure=>__construct=>test_block=>apply_filters=>do_action=>do_action=>wp_head=>require_once=>load_template=>locate_template=>get_header=>include=>require_once=>require=>
SOUREC FILE:E:\ehrajat-form-dev-html5\htdocs\wp-content\plugins\6-input\input\4-class-input.php
global attrs id provided is empty string.

[2019-12-09 12:22:00am]Source Function:create_int_attribute=>attr_maxlength=>create_simple_attr=>create_multiple_attrs=>create_attr_input_specific=>__construct=>specific_atrributes=>all_attributes=>__construct=>create_inputs=>create_block_structure=>create_block_structure=>__construct=>test_block=>apply_filters=>do_action=>do_action=>wp_head=>require_once=>load_template=>locate_template=>get_header=>include=>require_once=>require=>
SOUREC FILE:E:\ehrajat-form-dev-html5\htdocs\wp-content\plugins\3-attribute\attribute\3-attribute-input-validator-class.php
maxlength must be integer.

[2019-12-09 12:22:00am]Source Function:create_int_attribute=>attr_minlength=>create_simple_attr=>create_multiple_attrs=>create_attr_input_specific=>__construct=>specific_atrributes=>all_attributes=>__construct=>create_inputs=>create_block_structure=>create_block_structure=>__construct=>test_block=>apply_filters=>do_action=>do_action=>wp_head=>require_once=>load_template=>locate_template=>get_header=>include=>require_once=>require=>
SOUREC FILE:E:\ehrajat-form-dev-html5\htdocs\wp-content\plugins\3-attribute\attribute\3-attribute-input-validator-class.php
minlength must be integer.

[2019-12-09 12:22:00am]Source Function:attr_pattern=>create_simple_attr=>create_multiple_attrs=>create_attr_input_specific=>__construct=>specific_atrributes=>all_attributes=>__construct=>create_inputs=>create_block_structure=>create_block_structure=>__construct=>test_block=>apply_filters=>do_action=>do_action=>wp_head=>require_once=>load_template=>locate_template=>get_header=>include=>require_once=>require=>
SOUREC FILE:E:\ehrajat-form-dev-html5\htdocs\wp-content\plugins\3-attribute\attribute\4-attribute-generator.php
pattern is not valid!

[2019-12-09 12:22:00am]Source Function:create_int_attribute=>attr_size=>create_simple_attr=>create_multiple_attrs=>create_attr_input_specific=>__construct=>specific_atrributes=>all_attributes=>__construct=>create_inputs=>create_block_structure=>create_block_structure=>__construct=>test_block=>apply_filters=>do_action=>do_action=>wp_head=>require_once=>load_template=>locate_template=>get_header=>include=>require_once=>require=>
SOUREC FILE:E:\ehrajat-form-dev-html5\htdocs\wp-content\plugins\3-attribute\attribute\3-attribute-input-validator-class.php
size must be integer.

[2019-12-09 12:22:00am]Source Function:restrict_access=>__construct=>all_attributes=>__construct=>create_inputs=>create_block_structure=>create_block_structure=>__construct=>test_block=>apply_filters=>do_action=>do_action=>wp_head=>require_once=>load_template=>locate_template=>get_header=>include=>require_once=>require=>
SOUREC FILE:E:\ehrajat-form-dev-html5\htdocs\wp-content\plugins\4-access\access\1-class-access.php
user_access_id after proceesing return enpty id.

[2019-12-09 12:22:00am]Source Function:restrict_access=>__construct=>create_inputs=>create_block_structure=>create_block_structure=>__construct=>test_block=>apply_filters=>do_action=>do_action=>wp_head=>require_once=>load_template=>locate_template=>get_header=>include=>require_once=>require=>
SOUREC FILE:E:\ehrajat-form-dev-html5\htdocs\wp-content\plugins\4-access\access\1-class-access.php
default_view must match enable or disable.

